2025-11-27 14:36:00 | INFO | repo=arquillian-phantom-binary | action=edit | files=1
2025-02-24 14:26:00 | INFO | repo=arquillian-phantom-binary | action=commit
2025-11-25 18:27:00 | DEBUG | repo=arquillian-phantom-binary | action=commit
2025-11-15 20:52:00 | INFO | repo=arquillian-phantom-binary | action=commit
2025-07-28 11:36:00 | WARN | repo=arquillian-phantom-binary | action=commit
2025-09-07 14:20:00 | WARN | repo=arquillian-phantom-binary | action=commit
2025-01-18 16:43:00 | INFO | repo=arquillian-phantom-binary | action=commit
2025-06-15 07:23:00 | DEBUG | repo=arquillian-phantom-binary | action=commit
2025-06-28 11:25:00 | INFO | repo=arquillian-phantom-binary | action=commit
2025-02-09 09:44:00 | WARN | repo=arquillian-phantom-binary | action=commit
2025-11-08 14:34:00 | INFO | repo=arquillian-phantom-binary | action=commit
2025-06-15 19:34:00 | DEBUG | repo=arquillian-phantom-binary | action=commit
2025-05-17 18:17:00 | DEBUG | repo=arquillian-phantom-binary | action=commit
2025-05-24 14:52:00 | INFO | repo=arquillian-phantom-binary | action=pull
2025-04-07 08:01:00 | WARN | repo=arquillian-phantom-binary | action=commit
2025-11-10 19:33:00 | WARN | repo=arquillian-phantom-binary | action=commit
2025-02-23 11:28:00 | WARN | repo=arquillian-phantom-binary | action=edit | files=5
2025-02-22 15:19:00 | WARN | repo=arquillian-phantom-binary | action=commit
2025-03-27 11:17:00 | DEBUG | repo=arquillian-phantom-binary | action=commit
2025-02-26 19:11:00 | DEBUG | repo=arquillian-phantom-binary | action=commit
2025-10-23 08:02:00 | INFO | repo=arquillian-phantom-binary | action=commit
2025-02-01 19:15:00 | DEBUG | repo=arquillian-phantom-binary | action=commit
2025-05-28 08:18:00 | WARN | repo=arquillian-phantom-binary | action=test | passed=true
2025-04-09 12:55:00 | INFO | repo=arquillian-phantom-binary | action=test | passed=true
2025-09-09 17:44:00 | INFO | repo=arquillian-phantom-binary | action=edit | files=3
2025-11-14 19:31:00 | DEBUG | repo=arquillian-phantom-binary | action=commit
2025-03-19 08:50:00 | DEBUG | repo=arquillian-phantom-binary | action=edit | files=4
2025-05-02 14:54:00 | DEBUG | repo=arquillian-phantom-binary | action=edit | files=5
2025-11-03 18:02:00 | INFO | repo=arquillian-phantom-binary | action=commit
2025-02-19 08:09:00 | WARN | repo=arquillian-phantom-binary | action=commit
2025-10-16 12:41:00 | DEBUG | repo=arquillian-phantom-binary | action=commit
2025-08-05 08:35:00 | WARN | repo=arquillian-phantom-binary | action=commit
2025-02-12 08:08:00 | INFO | repo=arquillian-phantom-binary | action=commit
2025-05-10 13:51:00 | WARN | repo=arquillian-phantom-binary | action=edit | files=1
2025-01-08 12:32:00 | DEBUG | repo=arquillian-phantom-binary | action=commit
2025-11-03 16:42:00 | INFO | repo=arquillian-phantom-binary | action=commit
2025-07-18 20:09:00 | INFO | repo=arquillian-phantom-binary | action=commit
2025-02-09 20:42:00 | INFO | repo=arquillian-phantom-binary | action=pull
2025-12-08 07:40:00 | WARN | repo=arquillian-phantom-binary | action=commit
2025-05-10 07:17:00 | INFO | repo=arquillian-phantom-binary | action=commit
2025-05-11 12:51:00 | DEBUG | repo=arquillian-phantom-binary | action=commit
2025-02-15 18:16:00 | INFO | repo=arquillian-phantom-binary | action=commit
2025-10-02 16:38:00 | WARN | repo=arquillian-phantom-binary | action=pull
2025-09-22 13:11:00 | DEBUG | repo=arquillian-phantom-binary | action=commit
2025-09-17 12:54:00 | INFO | repo=arquillian-phantom-binary | action=commit
2025-08-23 14:50:00 | DEBUG | repo=arquillian-phantom-binary | action=commit
2025-08-13 18:53:00 | WARN | repo=arquillian-phantom-binary | action=pull
2025-01-08 12:33:00 | INFO | repo=arquillian-phantom-binary | action=commit
2025-03-15 08:39:00 | DEBUG | repo=arquillian-phantom-binary | action=commit
2025-08-04 14:03:00 | DEBUG | repo=arquillian-phantom-binary | action=commit
2025-03-18 16:50:00 | WARN | repo=arquillian-phantom-binary | action=test | passed=true
2025-05-07 12:38:00 | INFO | repo=arquillian-phantom-binary | action=edit | files=3
2025-09-25 08:57:00 | INFO | repo=arquillian-phantom-binary | action=commit
2025-02-08 20:32:00 | DEBUG | repo=arquillian-phantom-binary | action=edit | files=4
2025-02-01 07:46:00 | INFO | repo=arquillian-phantom-binary | action=commit
2025-12-07 18:01:00 | WARN | repo=arquillian-phantom-binary | action=pull
2025-01-27 19:08:00 | DEBUG | repo=arquillian-phantom-binary | action=test | passed=true
2025-09-16 07:51:00 | DEBUG | repo=arquillian-phantom-binary | action=test | passed=true
2025-07-20 08:54:00 | INFO | repo=arquillian-phantom-binary | action=pull
2025-09-03 14:58:00 | DEBUG | repo=arquillian-phantom-binary | action=edit | files=5
2025-10-02 08:57:00 | DEBUG | repo=arquillian-phantom-binary | action=commit
2025-02-27 11:17:00 | WARN | repo=arquillian-phantom-binary | action=commit
2025-10-08 17:28:00 | WARN | repo=arquillian-phantom-binary | action=test | passed=true
2025-09-18 08:36:00 | INFO | repo=arquillian-phantom-binary | action=test | passed=true
2025-05-03 10:04:00 | WARN | repo=arquillian-phantom-binary | action=commit
2025-10-20 12:25:00 | DEBUG | repo=arquillian-phantom-binary | action=commit
2025-11-25 09:18:00 | WARN | repo=arquillian-phantom-binary | action=commit
